  StdAfx.cpp
  SaxAttributes.cpp
  SaxAttributesImpl.cpp
D:\DDOBuilder\XmlLib\Src\SaxAttributesImpl.cpp(53,34): warning C4267: '=': conversion from 'size_t' to 'int', possible loss of data
D:\DDOBuilder\XmlLib\Src\SaxAttributesImpl.cpp(90,51): warning C4267: '=': conversion from 'size_t' to 'int', possible loss of data
D:\DDOBuilder\XmlLib\Src\SaxAttributesImpl.cpp(108,47): warning C4267: '=': conversion from 'size_t' to 'int', possible loss of data
D:\DDOBuilder\XmlLib\Src\SaxAttributesImpl.cpp(133,51): warning C4267: '=': conversion from 'size_t' to 'int', possible loss of data
D:\DDOBuilder\XmlLib\Src\SaxAttributesImpl.cpp(135,47): warning C4267: '=': conversion from 'size_t' to 'int', possible loss of data
D:\DDOBuilder\XmlLib\Src\SaxAttributesImpl.cpp(151,52): warning C4312: 'type cast': conversion from 'int' to 'void *' of greater size
D:\DDOBuilder\XmlLib\Src\SaxAttributesImpl.cpp(156,29): warning C4267: '=': conversion from 'size_t' to 'int', possible loss of data
D:\DDOBuilder\XmlLib\Src\SaxAttributesImpl.cpp(172,48): warning C4312: 'type cast': conversion from 'int' to 'void *' of greater size
D:\DDOBuilder\XmlLib\Src\SaxAttributesImpl.cpp(177,29): warning C4267: '=': conversion from 'size_t' to 'int', possible loss of data
D:\DDOBuilder\XmlLib\Src\SaxAttributesImpl.cpp(252,49): warning C4267: '=': conversion from 'size_t' to 'int', possible loss of data
D:\DDOBuilder\XmlLib\Src\SaxAttributesImpl.cpp(269,52): warning C4312: 'type cast': conversion from 'int' to 'void *' of greater size
D:\DDOBuilder\XmlLib\Src\SaxAttributesImpl.cpp(275,52): warning C4267: '=': conversion from 'size_t' to 'int', possible loss of data
D:\DDOBuilder\XmlLib\Src\SaxAttributesImpl.cpp(292,48): warning C4312: 'type cast': conversion from 'int' to 'void *' of greater size
D:\DDOBuilder\XmlLib\Src\SaxAttributesImpl.cpp(298,52): warning C4267: '=': conversion from 'size_t' to 'int', possible loss of data
  SaxContentElement.cpp
  SAXContentHandlerImpl.cpp
  SAXDTDHandlerImpl.cpp
  SAXErrorHandlerImpl.cpp
  SaxReader.cpp
  SaxString.cpp
  SaxWriter.cpp
D:\DDOBuilder\XmlLib\Src\SaxWriter.cpp(201,54): warning C4267: 'argument': conversion from 'size_t' to 'int', possible loss of data
D:\DDOBuilder\XmlLib\Src\SaxWriter.cpp(204,50): warning C4267: 'argument': conversion from 'size_t' to 'int', possible loss of data
D:\DDOBuilder\XmlLib\Src\SaxWriter.cpp(217,35): warning C4477: 'sprintf_s' : format string '%u' requires an argument of type 'unsigned int', but variadic argument 1 has type 'size_t'
D:\DDOBuilder\XmlLib\Src\SaxWriter.cpp(217,35): message : consider using '%zu' in the format string
D:\DDOBuilder\XmlLib\Src\SaxWriter.cpp(240,42): warning C4267: 'argument': conversion from 'size_t' to 'int', possible loss of data
D:\DDOBuilder\XmlLib\Src\SaxWriter.cpp(256,42): warning C4267: 'argument': conversion from 'size_t' to 'int', possible loss of data
D:\DDOBuilder\XmlLib\Src\SaxWriter.cpp(269,42): warning C4267: 'argument': conversion from 'size_t' to 'int', possible loss of data
D:\DDOBuilder\XmlLib\Src\SaxWriter.cpp(322,42): warning C4267: 'argument': conversion from 'size_t' to 'int', possible loss of data
  VectorConversion.cpp
D:\DDOBuilder\XmlLib\Src\VectorConversion.cpp(91,38): warning C4477: 'swprintf' : format string '%u' requires an argument of type 'unsigned int', but variadic argument 1 has type 'size_t'
D:\DDOBuilder\XmlLib\Src\VectorConversion.cpp(91,38): message : consider using '%zu' in the format string
  Generating Code...
C:\Program Files (x86)\Microsoft Visual Studio\2019\Professional\MSBuild\Microsoft\VC\v160\Microsoft.CppBuild.targets(1545,5): warning MSB8012: TargetPath(D:\DDOBuilder\x64\Release\XmlLib.lib) does not match the Library's OutputFile property value (D:\DDOBuilder\Output\XmlLib.lib). This may cause your project to build incorrectly. To correct this, please make sure that $(OutDir), $(TargetName) and $(TargetExt) property values match the value specified in %(Lib.OutputFile).
  XmlLib.vcxproj -> D:\DDOBuilder\x64\Release\XmlLib.lib
