d:\ddobuilder\xmllib\src\debug\xmllib.pch
d:\ddobuilder\xmllib\src\debug\xmllibd.pdb
d:\ddobuilder\xmllib\src\debug\stdafx.obj
d:\ddobuilder\xmllib\src\debug\vectorconversion.obj
d:\ddobuilder\xmllib\src\debug\saxwriter.obj
d:\ddobuilder\xmllib\src\debug\saxstring.obj
d:\ddobuilder\xmllib\src\debug\saxreader.obj
d:\ddobuilder\xmllib\src\debug\saxerrorhandlerimpl.obj
d:\ddobuilder\xmllib\src\debug\saxdtdhandlerimpl.obj
d:\ddobuilder\xmllib\src\debug\saxcontenthandlerimpl.obj
d:\ddobuilder\xmllib\src\debug\saxcontentelement.obj
d:\ddobuilder\xmllib\src\debug\saxattributesimpl.obj
d:\ddobuilder\xmllib\src\debug\saxattributes.obj
d:\ddobuilder\output\xmllibd.lib
d:\ddobuilder\xmllib\src\debug\msxml3.tli
d:\ddobuilder\xmllib\src\debug\msxml3.tlh
d:\ddobuilder\output\xmllibd.pdb
d:\ddobuilder\xmllib\src\debug\xmllib.tlog\cl.command.1.tlog
d:\ddobuilder\xmllib\src\debug\xmllib.tlog\cl.read.1.tlog
d:\ddobuilder\xmllib\src\debug\xmllib.tlog\cl.write.1.tlog
d:\ddobuilder\xmllib\src\debug\xmllib.tlog\lib-link.read.1.tlog
d:\ddobuilder\xmllib\src\debug\xmllib.tlog\lib-link.write.1.tlog
d:\ddobuilder\xmllib\src\debug\xmllib.tlog\lib.command.1.tlog
