d:\ddobuilder\xmllib\src\release\xmllib.pch
d:\ddobuilder\xmllib\src\release\xmllib.pdb
d:\ddobuilder\xmllib\src\release\stdafx.obj
d:\ddobuilder\xmllib\src\release\vectorconversion.obj
d:\ddobuilder\xmllib\src\release\saxwriter.obj
d:\ddobuilder\xmllib\src\release\saxstring.obj
d:\ddobuilder\xmllib\src\release\saxreader.obj
d:\ddobuilder\xmllib\src\release\saxerrorhandlerimpl.obj
d:\ddobuilder\xmllib\src\release\saxdtdhandlerimpl.obj
d:\ddobuilder\xmllib\src\release\saxcontenthandlerimpl.obj
d:\ddobuilder\xmllib\src\release\saxcontentelement.obj
d:\ddobuilder\xmllib\src\release\saxattributesimpl.obj
d:\ddobuilder\xmllib\src\release\saxattributes.obj
d:\ddobuilder\output\xmllib.lib
d:\ddobuilder\xmllib\src\release\msxml3.tli
d:\ddobuilder\xmllib\src\release\msxml3.tlh
d:\ddobuilder\output\xmllib.pdb
d:\ddobuilder\xmllib\src\release\xmllib.tlog\cl.command.1.tlog
d:\ddobuilder\xmllib\src\release\xmllib.tlog\cl.read.1.tlog
d:\ddobuilder\xmllib\src\release\xmllib.tlog\cl.write.1.tlog
d:\ddobuilder\xmllib\src\release\xmllib.tlog\lib-link.read.1.tlog
d:\ddobuilder\xmllib\src\release\xmllib.tlog\lib-link.write.1.tlog
d:\ddobuilder\xmllib\src\release\xmllib.tlog\lib.command.1.tlog
